# JRE version: OpenJDK Runtime Environment Temurin-17.0.12+7 (17.0.12+7) (build 17.0.12+7)
# Java VM: OpenJDK 64-Bit Server VM Temurin-17.0.12+7 (17.0.12+7, mixed mode, tiered, compressed oops, compressed class ptrs, parallel gc, windows-amd64)
GC Precious Log:
 CPUs: 4 total, 4 available
 Memory: 8150M
 Large Page Support: Disabled
 NUMA Support: Disabled
 Compressed Oops: Enabled (32-bit)
 Alignments: Space 512K, Generation 512K, Heap 2M
 Heap Min Capacity: 100M
 Heap Initial Capacity: 100M
 Heap Max Capacity: 1G
 Pre-touch: Disabled
 Parallel Workers: 4
Heap:
 PSYoungGen      total 24064K, used 16635K [0x00000000eab00000, 0x00000000ec480000, 0x0000000100000000)
  eden space 23552K, 69% used [0x00000000eab00000,0x00000000ebb0ee68,0x00000000ec200000)
  from space 512K, 37% used [0x00000000ec300000,0x00000000ec330020,0x00000000ec380000)
  to   space 1024K, 0% used [0x00000000ec200000,0x00000000ec200000,0x00000000ec300000)
 ParOldGen       total 154624K, used 152260K [0x00000000c0000000, 0x00000000c9700000, 0x00000000eab00000)
  object space 154624K, 98% used [0x00000000c0000000,0x00000000c94b1168,0x00000000c9700000)
 Metaspace       used 90764K, committed 92160K, reserved 1179648K
  class space    used 8945K, committed 9600K, reserved 1048576K
GC Heap History (20 events):
Event: 64825.601 GC heap before
{Heap before GC invocations=1982 (full 42):
 PSYoungGen      total 11776K, used 11318K [0x00000000eab00000, 0x00000000eb800000, 0x0000000100000000)
  eden space 10752K, 99% used [0x00000000eab00000,0x00000000eb568be0,0x00000000eb580000)
  from space 1024K, 64% used [0x00000000eb700000,0x00000000eb7a4e70,0x00000000eb800000)
  to   space 1024K, 0% used [0x00000000eb600000,0x00000000eb600000,0x00000000eb700000)
 ParOldGen       total 154624K, used 139824K [0x00000000c0000000, 0x00000000c9700000, 0x00000000eab00000)
  object space 154624K, 90% used [0x00000000c0000000,0x00000000c888c3c8,0x00000000c9700000)
 Metaspace       used 90718K, committed 92160K, reserved 1179648K
  class space    used 8944K, committed 9600K, reserved 1048576K
}
Event: 64825.632 GC heap after
{Heap after GC invocations=1982 (full 42):
 PSYoungGen      total 12288K, used 994K [0x00000000eab00000, 0x00000000ec000000, 0x0000000100000000)
  eden space 11264K, 0% used [0x00000000eab00000,0x00000000eab00000,0x00000000eb600000)
  from space 1024K, 97% used [0x00000000eb600000,0x00000000eb6f8bb0,0x00000000eb700000)
  to   space 4096K, 0% used [0x00000000ebc00000,0x00000000ebc00000,0x00000000ec000000)
 ParOldGen       total 154624K, used 142420K [0x00000000c0000000, 0x00000000c9700000, 0x00000000eab00000)
  object space 154624K, 92% used [0x00000000c0000000,0x00000000c8b15058,0x00000000c9700000)
 Metaspace       used 90718K, committed 92160K, reserved 1179648K
  class space    used 8944K, committed 9600K, reserved 1048576K
}
Event: 64825.662 GC heap before
{Heap before GC invocations=1983 (full 42):
 PSYoungGen      total 12288K, used 12258K [0x00000000eab00000, 0x00000000ec000000, 0x0000000100000000)
  eden space 11264K, 100% used [0x00000000eab00000,0x00000000eb600000,0x00000000eb600000)
  from space 1024K, 97% used [0x00000000eb600000,0x00000000eb6f8bb0,0x00000000eb700000)
  to   space 4096K, 0% used [0x00000000ebc00000,0x00000000ebc00000,0x00000000ec000000)
 ParOldGen       total 154624K, used 142420K [0x00000000c0000000, 0x00000000c9700000, 0x00000000eab00000)
  object space 154624K, 92% used [0x00000000c0000000,0x00000000c8b15058,0x00000000c9700000)
 Metaspace       used 90718K, committed 92160K, reserved 1179648K
  class space    used 8944K, committed 9600K, reserved 1048576K
}
Event: 64826.324 GC heap after
{Heap after GC invocations=1983 (full 42):
 PSYoungGen      total 15360K, used 1056K [0x00000000eab00000, 0x00000000ebd80000, 0x0000000100000000)
  eden space 13824K, 0% used [0x00000000eab00000,0x00000000eab00000,0x00000000eb880000)
  from space 1536K, 68% used [0x00000000ebc00000,0x00000000ebd08000,0x00000000ebd80000)
  to   space 2048K, 0% used [0x00000000eb980000,0x00000000eb980000,0x00000000ebb80000)
 ParOldGen       total 154624K, used 143045K [0x00000000c0000000, 0x00000000c9700000, 0x00000000eab00000)
  object space 154624K, 92% used [0x00000000c0000000,0x00000000c8bb1638,0x00000000c9700000)
 Metaspace       used 90718K, committed 92160K, reserved 1179648K
  class space    used 8944K, committed 9600K, reserved 1048576K
}
Event: 64826.397 GC heap before
{Heap before GC invocations=1984 (full 42):
 PSYoungGen      total 15360K, used 14880K [0x00000000eab00000, 0x00000000ebd80000, 0x0000000100000000)
  eden space 13824K, 100% used [0x00000000eab00000,0x00000000eb880000,0x00000000eb880000)
  from space 1536K, 68% used [0x00000000ebc00000,0x00000000ebd08000,0x00000000ebd80000)
  to   space 2048K, 0% used [0x00000000eb980000,0x00000000eb980000,0x00000000ebb80000)
 ParOldGen       total 154624K, used 143045K [0x00000000c0000000, 0x00000000c9700000, 0x00000000eab00000)
  object space 154624K, 92% used [0x00000000c0000000,0x00000000c8bb1638,0x00000000c9700000)
 Metaspace       used 90721K, committed 92160K, reserved 1179648K
  class space    used 8944K, committed 9600K, reserved 1048576K
}
Event: 64826.443 GC heap after
{Heap after GC invocations=1984 (full 42):
 PSYoungGen      total 16896K, used 1077K [0x00000000eab00000, 0x00000000ebe80000, 0x0000000100000000)
  eden space 14848K, 0% used [0x00000000eab00000,0x00000000eab00000,0x00000000eb980000)
  from space 2048K, 52% used [0x00000000eb980000,0x00000000eba8d5d8,0x00000000ebb80000)
  to   space 1536K, 0% used [0x00000000ebd00000,0x00000000ebd00000,0x00000000ebe80000)
 ParOldGen       total 154624K, used 144043K [0x00000000c0000000, 0x00000000c9700000, 0x00000000eab00000)
  object space 154624K, 93% used [0x00000000c0000000,0x00000000c8caacd0,0x00000000c9700000)
 Metaspace       used 90721K, committed 92160K, reserved 1179648K
  class space    used 8944K, committed 9600K, reserved 1048576K
}
Event: 64826.491 GC heap before
{Heap before GC invocations=1985 (full 42):
 PSYoungGen      total 16896K, used 15242K [0x00000000eab00000, 0x00000000ebe80000, 0x0000000100000000)
  eden space 14848K, 95% used [0x00000000eab00000,0x00000000eb8d5368,0x00000000eb980000)
  from space 2048K, 52% used [0x00000000eb980000,0x00000000eba8d5d8,0x00000000ebb80000)
  to   space 1536K, 0% used [0x00000000ebd00000,0x00000000ebd00000,0x00000000ebe80000)
 ParOldGen       total 154624K, used 144043K [0x00000000c0000000, 0x00000000c9700000, 0x00000000eab00000)
  object space 154624K, 93% used [0x00000000c0000000,0x00000000c8caacd0,0x00000000c9700000)
 Metaspace       used 90721K, committed 92160K, reserved 1179648K
  class space    used 8944K, committed 9600K, reserved 1048576K
}
Event: 64826.509 GC heap after
{Heap after GC invocations=1985 (full 42):
 PSYoungGen      total 18944K, used 602K [0x00000000eab00000, 0x00000000ebe80000, 0x0000000100000000)
  eden space 17408K, 0% used [0x00000000eab00000,0x00000000eab00000,0x00000000ebc00000)
  from space 1536K, 39% used [0x00000000ebd00000,0x00000000ebd96900,0x00000000ebe80000)
  to   space 1024K, 0% used [0x00000000ebc00000,0x00000000ebc00000,0x00000000ebd00000)
 ParOldGen       total 154624K, used 144713K [0x00000000c0000000, 0x00000000c9700000, 0x00000000eab00000)
  object space 154624K, 93% used [0x00000000c0000000,0x00000000c8d527e8,0x00000000c9700000)
 Metaspace       used 90721K, committed 92160K, reserved 1179648K
  class space    used 8944K, committed 9600K, reserved 1048576K
}
Event: 64826.601 GC heap before
{Heap before GC invocations=1986 (full 42):
 PSYoungGen      total 18944K, used 17121K [0x00000000eab00000, 0x00000000ebe80000, 0x0000000100000000)
  eden space 17408K, 94% used [0x00000000eab00000,0x00000000ebb21ce0,0x00000000ebc00000)
  from space 1536K, 39% used [0x00000000ebd00000,0x00000000ebd96900,0x00000000ebe80000)
  to   space 1024K, 0% used [0x00000000ebc00000,0x00000000ebc00000,0x00000000ebd00000)
 ParOldGen       total 154624K, used 144713K [0x00000000c0000000, 0x00000000c9700000, 0x00000000eab00000)
  object space 154624K, 93% used [0x00000000c0000000,0x00000000c8d527e8,0x00000000c9700000)
 Metaspace       used 90721K, committed 92160K, reserved 1179648K
  class space    used 8944K, committed 9600K, reserved 1048576K
}
Event: 64826.602 GC heap after
{Heap after GC invocations=1986 (full 42):
 PSYoungGen      total 18432K, used 340K [0x00000000eab00000, 0x00000000ec080000, 0x0000000100000000)
  eden space 17408K, 0% used [0x00000000eab00000,0x00000000eab00000,0x00000000ebc00000)
  from space 1024K, 33% used [0x00000000ebc00000,0x00000000ebc55200,0x00000000ebd00000)
  to   space 512K, 0% used [0x00000000ec000000,0x00000000ec000000,0x00000000ec080000)
 ParOldGen       total 154624K, used 145165K [0x00000000c0000000, 0x00000000c9700000, 0x00000000eab00000)
  object space 154624K, 93% used [0x00000000c0000000,0x00000000c8dc37f8,0x00000000c9700000)
 Metaspace       used 90721K, committed 92160K, reserved 1179648K
  class space    used 8944K, committed 9600K, reserved 1048576K
}
Event: 64826.648 GC heap before
{Heap before GC invocations=1987 (full 42):
 PSYoungGen      total 18432K, used 17748K [0x00000000eab00000, 0x00000000ec080000, 0x0000000100000000)
  eden space 17408K, 100% used [0x00000000eab00000,0x00000000ebc00000,0x00000000ebc00000)
  from space 1024K, 33% used [0x00000000ebc00000,0x00000000ebc55200,0x00000000ebd00000)
  to   space 512K, 0% used [0x00000000ec000000,0x00000000ec000000,0x00000000ec080000)
 ParOldGen       total 154624K, used 145165K [0x00000000c0000000, 0x00000000c9700000, 0x00000000eab00000)
  object space 154624K, 93% used [0x00000000c0000000,0x00000000c8dc37f8,0x00000000c9700000)
 Metaspace       used 90721K, committed 92160K, reserved 1179648K
  class space    used 8944K, committed 9600K, reserved 1048576K
}
Event: 64826.649 GC heap after
{Heap after GC invocations=1987 (full 42):
 PSYoungGen      total 20992K, used 506K [0x00000000eab00000, 0x00000000ec100000, 0x0000000100000000)
  eden space 20480K, 0% used [0x00000000eab00000,0x00000000eab00000,0x00000000ebf00000)
  from space 512K, 98% used [0x00000000ec000000,0x00000000ec07e900,0x00000000ec080000)
  to   space 1024K, 0% used [0x00000000ebf00000,0x00000000ebf00000,0x00000000ec000000)
 ParOldGen       total 154624K, used 145197K [0x00000000c0000000, 0x00000000c9700000, 0x00000000eab00000)
  object space 154624K, 93% used [0x00000000c0000000,0x00000000c8dcb7f8,0x00000000c9700000)
 Metaspace       used 90721K, committed 92160K, reserved 1179648K
  class space    used 8944K, committed 9600K, reserved 1048576K
}
Event: 64826.711 GC heap before
{Heap before GC invocations=1988 (full 42):
 PSYoungGen      total 20992K, used 20917K [0x00000000eab00000, 0x00000000ec100000, 0x0000000100000000)
  eden space 20480K, 99% used [0x00000000eab00000,0x00000000ebeeee78,0x00000000ebf00000)
  from space 512K, 98% used [0x00000000ec000000,0x00000000ec07e900,0x00000000ec080000)
  to   space 1024K, 0% used [0x00000000ebf00000,0x00000000ebf00000,0x00000000ec000000)
 ParOldGen       total 154624K, used 145197K [0x00000000c0000000, 0x00000000c9700000, 0x00000000eab00000)
  object space 154624K, 93% used [0x00000000c0000000,0x00000000c8dcb7f8,0x00000000c9700000)
 Metaspace       used 90721K, committed 92160K, reserved 1179648K
  class space    used 8944K, committed 9600K, reserved 1048576K
}
Event: 64826.756 GC heap after
{Heap after GC invocations=1988 (full 42):
 PSYoungGen      total 21504K, used 468K [0x00000000eab00000, 0x00000000ec380000, 0x0000000100000000)
  eden space 20480K, 0% used [0x00000000eab00000,0x00000000eab00000,0x00000000ebf00000)
  from space 1024K, 45% used [0x00000000ebf00000,0x00000000ebf75200,0x00000000ec000000)
  to   space 512K, 0% used [0x00000000ec300000,0x00000000ec300000,0x00000000ec380000)
 ParOldGen       total 154624K, used 145229K [0x00000000c0000000, 0x00000000c9700000, 0x00000000eab00000)
  object space 154624K, 93% used [0x00000000c0000000,0x00000000c8dd37f8,0x00000000c9700000)
 Metaspace       used 90721K, committed 92160K, reserved 1179648K
  class space    used 8944K, committed 9600K, reserved 1048576K
}
Event: 64826.852 GC heap before
{Heap before GC invocations=1989 (full 42):
 PSYoungGen      total 21504K, used 19166K [0x00000000eab00000, 0x00000000ec380000, 0x0000000100000000)
  eden space 20480K, 91% used [0x00000000eab00000,0x00000000ebd428f8,0x00000000ebf00000)
  from space 1024K, 45% used [0x00000000ebf00000,0x00000000ebf75200,0x00000000ec000000)
  to   space 512K, 0% used [0x00000000ec300000,0x00000000ec300000,0x00000000ec380000)
 ParOldGen       total 154624K, used 145229K [0x00000000c0000000, 0x00000000c9700000, 0x00000000eab00000)
  object space 154624K, 93% used [0x00000000c0000000,0x00000000c8dd37f8,0x00000000c9700000)
 Metaspace       used 90722K, committed 92160K, reserved 1179648K
  class space    used 8944K, committed 9600K, reserved 1048576K
}
Event: 64826.853 GC heap after
{Heap after GC invocations=1989 (full 42):
 PSYoungGen      total 24064K, used 500K [0x00000000eab00000, 0x00000000ec480000, 0x0000000100000000)
  eden space 23552K, 0% used [0x00000000eab00000,0x00000000eab00000,0x00000000ec200000)
  from space 512K, 97% used [0x00000000ec300000,0x00000000ec37d200,0x00000000ec380000)
  to   space 1024K, 0% used [0x00000000ec200000,0x00000000ec200000,0x00000000ec300000)
 ParOldGen       total 154624K, used 145495K [0x00000000c0000000, 0x00000000c9700000, 0x00000000eab00000)
  object space 154624K, 94% used [0x00000000c0000000,0x00000000c8e15ce8,0x00000000c9700000)
 Metaspace       used 90722K, committed 92160K, reserved 1179648K
  class space    used 8944K, committed 9600K, reserved 1048576K
}
Event: 64826.892 GC heap before
{Heap before GC invocations=1990 (full 42):
 PSYoungGen      total 24064K, used 23937K [0x00000000eab00000, 0x00000000ec480000, 0x0000000100000000)
  eden space 23552K, 99% used [0x00000000eab00000,0x00000000ec1e35a8,0x00000000ec200000)
  from space 512K, 97% used [0x00000000ec300000,0x00000000ec37d200,0x00000000ec380000)
  to   space 1024K, 0% used [0x00000000ec200000,0x00000000ec200000,0x00000000ec300000)
 ParOldGen       total 154624K, used 145495K [0x00000000c0000000, 0x00000000c9700000, 0x00000000eab00000)
  object space 154624K, 94% used [0x00000000c0000000,0x00000000c8e15ce8,0x00000000c9700000)
 Metaspace       used 90722K, committed 92160K, reserved 1179648K
  class space    used 8944K, committed 9600K, reserved 1048576K
}
Event: 64826.907 GC heap after
{Heap after GC invocations=1990 (full 42):
 PSYoungGen      total 24576K, used 916K [0x00000000eab00000, 0x00000000ec480000, 0x0000000100000000)
  eden space 23552K, 0% used [0x00000000eab00000,0x00000000eab00000,0x00000000ec200000)
  from space 1024K, 89% used [0x00000000ec200000,0x00000000ec2e5220,0x00000000ec300000)
  to   space 512K, 0% used [0x00000000ec300000,0x00000000ec300000,0x00000000ec380000)
 ParOldGen       total 154624K, used 145935K [0x00000000c0000000, 0x00000000c9700000, 0x00000000eab00000)
  object space 154624K, 94% used [0x00000000c0000000,0x00000000c8e83de8,0x00000000c9700000)
 Metaspace       used 90722K, committed 92160K, reserved 1179648K
  class space    used 8944K, committed 9600K, reserved 1048576K
}
Event: 64826.975 GC heap before
{Heap before GC invocations=1991 (full 42):
 PSYoungGen      total 24576K, used 24468K [0x00000000eab00000, 0x00000000ec480000, 0x0000000100000000)
  eden space 23552K, 100% used [0x00000000eab00000,0x00000000ec200000,0x00000000ec200000)
  from space 1024K, 89% used [0x00000000ec200000,0x00000000ec2e5220,0x00000000ec300000)
  to   space 512K, 0% used [0x00000000ec300000,0x00000000ec300000,0x00000000ec380000)
 ParOldGen       total 154624K, used 145935K [0x00000000c0000000, 0x00000000c9700000, 0x00000000eab00000)
  object space 154624K, 94% used [0x00000000c0000000,0x00000000c8e83de8,0x00000000c9700000)
 Metaspace       used 90725K, committed 92160K, reserved 1179648K
  class space    used 8944K, committed 9600K, reserved 1048576K
}
Event: 64826.977 GC heap after
{Heap after GC invocations=1991 (full 42):
 PSYoungGen      total 24064K, used 503K [0x00000000eab00000, 0x00000000ec480000, 0x0000000100000000)
  eden space 23552K, 0% used [0x00000000eab00000,0x00000000eab00000,0x00000000ec200000)
  from space 512K, 98% used [0x00000000ec300000,0x00000000ec37ddb0,0x00000000ec380000)
  to   space 1024K, 0% used [0x00000000ec200000,0x00000000ec200000,0x00000000ec300000)
 ParOldGen       total 154624K, used 147451K [0x00000000c0000000, 0x00000000c9700000, 0x00000000eab00000)
  object space 154624K, 95% used [0x00000000c0000000,0x00000000c8ffeeb8,0x00000000c9700000)
 Metaspace       used 90725K, committed 92160K, reserved 1179648K
  class space    used 8944K, committed 9600K, reserved 1048576K
}

