# JRE version: OpenJDK Runtime Environment Temurin-17.0.11+9 (17.0.11+9) (build 17.0.11+9)
# Java VM: OpenJDK 64-Bit Server VM Temurin-17.0.11+9 (17.0.11+9, mixed mode, emulated-client, tiered, compressed oops, compressed class ptrs, g1 gc, windows-amd64)
GC Precious Log:
 CPUs: 4 total, 4 available
 Memory: 8150M
 Large Page Support: Disabled
 NUMA Support: Disabled
 Compressed Oops: Enabled (32-bit)
 Heap Region Size: 1M
 Heap Min Capacity: 8M
 Heap Initial Capacity: 128M
 Heap Max Capacity: 1G
 Pre-touch: Disabled
 Parallel Workers: 4
 Concurrent Workers: 1
 Concurrent Refinement Workers: 4
 Periodic GC: Disabled
Heap:
 garbage-first heap   total 106496K, used 31481K [0x00000000c0000000, 0x0000000100000000)
  region size 1024K, 1 young (1024K), 0 survivors (0K)
 Metaspace       used 63215K, committed 63680K, reserved 1114112K
  class space    used 7762K, committed 8000K, reserved 1048576K
GC Heap History (20 events):
Event: 34536.468 GC heap before
{Heap before GC invocations=3367 (full 3335):
 garbage-first heap   total 106496K, used 31480K [0x00000000c0000000, 0x0000000100000000)
  region size 1024K, 1 young (1024K), 0 survivors (0K)
 Metaspace       used 63215K, committed 63680K, reserved 1114112K
  class space    used 7762K, committed 8000K, reserved 1048576K
}
Event: 34536.499 GC heap after
{Heap after GC invocations=3368 (full 3336):
 garbage-first heap   total 106496K, used 31480K [0x00000000c0000000, 0x0000000100000000)
  region size 1024K, 0 young (0K), 0 survivors (0K)
 Metaspace       used 63215K, committed 63680K, reserved 1114112K
  class space    used 7762K, committed 8000K, reserved 1048576K
}
Event: 34546.651 GC heap before
{Heap before GC invocations=3368 (full 3336):
 garbage-first heap   total 106496K, used 31480K [0x00000000c0000000, 0x0000000100000000)
  region size 1024K, 1 young (1024K), 0 survivors (0K)
 Metaspace       used 63215K, committed 63680K, reserved 1114112K
  class space    used 7762K, committed 8000K, reserved 1048576K
}
Event: 34546.681 GC heap after
{Heap after GC invocations=3369 (full 3337):
 garbage-first heap   total 106496K, used 31480K [0x00000000c0000000, 0x0000000100000000)
  region size 1024K, 0 young (0K), 0 survivors (0K)
 Metaspace       used 63215K, committed 63680K, reserved 1114112K
  class space    used 7762K, committed 8000K, reserved 1048576K
}
Event: 34556.838 GC heap before
{Heap before GC invocations=3369 (full 3337):
 garbage-first heap   total 106496K, used 31480K [0x00000000c0000000, 0x0000000100000000)
  region size 1024K, 1 young (1024K), 0 survivors (0K)
 Metaspace       used 63215K, committed 63680K, reserved 1114112K
  class space    used 7762K, committed 8000K, reserved 1048576K
}
Event: 34556.869 GC heap after
{Heap after GC invocations=3370 (full 3338):
 garbage-first heap   total 106496K, used 31480K [0x00000000c0000000, 0x0000000100000000)
  region size 1024K, 0 young (0K), 0 survivors (0K)
 Metaspace       used 63215K, committed 63680K, reserved 1114112K
  class space    used 7762K, committed 8000K, reserved 1048576K
}
Event: 34567.017 GC heap before
{Heap before GC invocations=3370 (full 3338):
 garbage-first heap   total 106496K, used 31480K [0x00000000c0000000, 0x0000000100000000)
  region size 1024K, 1 young (1024K), 0 survivors (0K)
 Metaspace       used 63215K, committed 63680K, reserved 1114112K
  class space    used 7762K, committed 8000K, reserved 1048576K
}
Event: 34567.047 GC heap after
{Heap after GC invocations=3371 (full 3339):
 garbage-first heap   total 106496K, used 31480K [0x00000000c0000000, 0x0000000100000000)
  region size 1024K, 0 young (0K), 0 survivors (0K)
 Metaspace       used 63215K, committed 63680K, reserved 1114112K
  class space    used 7762K, committed 8000K, reserved 1048576K
}
Event: 34577.195 GC heap before
{Heap before GC invocations=3371 (full 3339):
 garbage-first heap   total 106496K, used 31480K [0x00000000c0000000, 0x0000000100000000)
  region size 1024K, 1 young (1024K), 0 survivors (0K)
 Metaspace       used 63215K, committed 63680K, reserved 1114112K
  class space    used 7762K, committed 8000K, reserved 1048576K
}
Event: 34577.226 GC heap after
{Heap after GC invocations=3372 (full 3340):
 garbage-first heap   total 106496K, used 31480K [0x00000000c0000000, 0x0000000100000000)
  region size 1024K, 0 young (0K), 0 survivors (0K)
 Metaspace       used 63215K, committed 63680K, reserved 1114112K
  class space    used 7762K, committed 8000K, reserved 1048576K
}
Event: 34587.391 GC heap before
{Heap before GC invocations=3372 (full 3340):
 garbage-first heap   total 106496K, used 31480K [0x00000000c0000000, 0x0000000100000000)
  region size 1024K, 1 young (1024K), 0 survivors (0K)
 Metaspace       used 63215K, committed 63680K, reserved 1114112K
  class space    used 7762K, committed 8000K, reserved 1048576K
}
Event: 34587.421 GC heap after
{Heap after GC invocations=3373 (full 3341):
 garbage-first heap   total 106496K, used 31480K [0x00000000c0000000, 0x0000000100000000)
  region size 1024K, 0 young (0K), 0 survivors (0K)
 Metaspace       used 63215K, committed 63680K, reserved 1114112K
  class space    used 7762K, committed 8000K, reserved 1048576K
}
Event: 34597.580 GC heap before
{Heap before GC invocations=3373 (full 3341):
 garbage-first heap   total 106496K, used 31480K [0x00000000c0000000, 0x0000000100000000)
  region size 1024K, 1 young (1024K), 0 survivors (0K)
 Metaspace       used 63215K, committed 63680K, reserved 1114112K
  class space    used 7762K, committed 8000K, reserved 1048576K
}
Event: 34597.610 GC heap after
{Heap after GC invocations=3374 (full 3342):
 garbage-first heap   total 106496K, used 31480K [0x00000000c0000000, 0x0000000100000000)
  region size 1024K, 0 young (0K), 0 survivors (0K)
 Metaspace       used 63215K, committed 63680K, reserved 1114112K
  class space    used 7762K, committed 8000K, reserved 1048576K
}
Event: 34607.776 GC heap before
{Heap before GC invocations=3374 (full 3342):
 garbage-first heap   total 106496K, used 31480K [0x00000000c0000000, 0x0000000100000000)
  region size 1024K, 1 young (1024K), 0 survivors (0K)
 Metaspace       used 63215K, committed 63680K, reserved 1114112K
  class space    used 7762K, committed 8000K, reserved 1048576K
}
Event: 34607.806 GC heap after
{Heap after GC invocations=3375 (full 3343):
 garbage-first heap   total 106496K, used 31480K [0x00000000c0000000, 0x0000000100000000)
  region size 1024K, 0 young (0K), 0 survivors (0K)
 Metaspace       used 63215K, committed 63680K, reserved 1114112K
  class space    used 7762K, committed 8000K, reserved 1048576K
}
Event: 34617.972 GC heap before
{Heap before GC invocations=3375 (full 3343):
 garbage-first heap   total 106496K, used 31480K [0x00000000c0000000, 0x0000000100000000)
  region size 1024K, 1 young (1024K), 0 survivors (0K)
 Metaspace       used 63215K, committed 63680K, reserved 1114112K
  class space    used 7762K, committed 8000K, reserved 1048576K
}
Event: 34618.004 GC heap after
{Heap after GC invocations=3376 (full 3344):
 garbage-first heap   total 106496K, used 31480K [0x00000000c0000000, 0x0000000100000000)
  region size 1024K, 0 young (0K), 0 survivors (0K)
 Metaspace       used 63215K, committed 63680K, reserved 1114112K
  class space    used 7762K, committed 8000K, reserved 1048576K
}
Event: 34638.237 GC heap before
{Heap before GC invocations=3376 (full 3344):
 garbage-first heap   total 106496K, used 31480K [0x00000000c0000000, 0x0000000100000000)
  region size 1024K, 1 young (1024K), 0 survivors (0K)
 Metaspace       used 63215K, committed 63680K, reserved 1114112K
  class space    used 7762K, committed 8000K, reserved 1048576K
}
Event: 34638.270 GC heap after
{Heap after GC invocations=3377 (full 3345):
 garbage-first heap   total 106496K, used 31481K [0x00000000c0000000, 0x0000000100000000)
  region size 1024K, 0 young (0K), 0 survivors (0K)
 Metaspace       used 63215K, committed 63680K, reserved 1114112K
  class space    used 7762K, committed 8000K, reserved 1048576K
}

