# JRE version: OpenJDK Runtime Environment Temurin-17.0.12+7 (17.0.12+7) (build 17.0.12+7)
# Java VM: OpenJDK 64-Bit Server VM Temurin-17.0.12+7 (17.0.12+7, mixed mode, tiered, compressed oops, compressed class ptrs, parallel gc, windows-amd64)
GC Precious Log:
 CPUs: 4 total, 4 available
 Memory: 8150M
 Large Page Support: Disabled
 NUMA Support: Disabled
 Compressed Oops: Enabled (32-bit)
 Alignments: Space 512K, Generation 512K, Heap 2M
 Heap Min Capacity: 100M
 Heap Initial Capacity: 100M
 Heap Max Capacity: 1G
 Pre-touch: Disabled
 Parallel Workers: 4
Heap:
 PSYoungGen      total 10240K, used 6443K [0x00000000eab00000, 0x00000000eb900000, 0x0000000100000000)
  eden space 9216K, 58% used [0x00000000eab00000,0x00000000eb04b280,0x00000000eb400000)
  from space 1024K, 99% used [0x00000000eb680000,0x00000000eb77fa70,0x00000000eb780000)
  to   space 2560K, 0% used [0x00000000eb400000,0x00000000eb400000,0x00000000eb680000)
 ParOldGen       total 114688K, used 104524K [0x00000000c0000000, 0x00000000c7000000, 0x00000000eab00000)
  object space 114688K, 91% used [0x00000000c0000000,0x00000000c66132a8,0x00000000c7000000)
 Metaspace       used 81825K, committed 83200K, reserved 1179648K
  class space    used 8248K, committed 8896K, reserved 1048576K
GC Heap History (20 events):
Event: 2693.517 GC heap before
{Heap before GC invocations=560 (full 14):
 PSYoungGen      total 6144K, used 5664K [0x00000000eab00000, 0x00000000eb400000, 0x0000000100000000)
  eden space 3072K, 100% used [0x00000000eab00000,0x00000000eae00000,0x00000000eae00000)
  from space 3072K, 84% used [0x00000000eb100000,0x00000000eb388000,0x00000000eb400000)
  to   space 3072K, 0% used [0x00000000eae00000,0x00000000eae00000,0x00000000eb100000)
 ParOldGen       total 92160K, used 82522K [0x00000000c0000000, 0x00000000c5a00000, 0x00000000eab00000)
  object space 92160K, 89% used [0x00000000c0000000,0x00000000c5096a18,0x00000000c5a00000)
 Metaspace       used 80938K, committed 82304K, reserved 1179648K
  class space    used 8131K, committed 8832K, reserved 1048576K
}
Event: 2693.521 GC heap after
{Heap after GC invocations=560 (full 14):
 PSYoungGen      total 6144K, used 3072K [0x00000000eab00000, 0x00000000ebc00000, 0x0000000100000000)
  eden space 3072K, 0% used [0x00000000eab00000,0x00000000eab00000,0x00000000eae00000)
  from space 3072K, 100% used [0x00000000eae00000,0x00000000eb100000,0x00000000eb100000)
  to   space 6656K, 0% used [0x00000000eb580000,0x00000000eb580000,0x00000000ebc00000)
 ParOldGen       total 92160K, used 85098K [0x00000000c0000000, 0x00000000c5a00000, 0x00000000eab00000)
  object space 92160K, 92% used [0x00000000c0000000,0x00000000c531aa18,0x00000000c5a00000)
 Metaspace       used 80938K, committed 82304K, reserved 1179648K
  class space    used 8131K, committed 8832K, reserved 1048576K
}
Event: 2693.557 GC heap before
{Heap before GC invocations=561 (full 14):
 PSYoungGen      total 6144K, used 6144K [0x00000000eab00000, 0x00000000ebc00000, 0x0000000100000000)
  eden space 3072K, 100% used [0x00000000eab00000,0x00000000eae00000,0x00000000eae00000)
  from space 3072K, 100% used [0x00000000eae00000,0x00000000eb100000,0x00000000eb100000)
  to   space 6656K, 0% used [0x00000000eb580000,0x00000000eb580000,0x00000000ebc00000)
 ParOldGen       total 92160K, used 85098K [0x00000000c0000000, 0x00000000c5a00000, 0x00000000eab00000)
  object space 92160K, 92% used [0x00000000c0000000,0x00000000c531aa18,0x00000000c5a00000)
 Metaspace       used 80943K, committed 82368K, reserved 1179648K
  class space    used 8131K, committed 8832K, reserved 1048576K
}
Event: 2693.564 GC heap after
{Heap after GC invocations=561 (full 14):
 PSYoungGen      total 6656K, used 2560K [0x00000000eab00000, 0x00000000eb800000, 0x0000000100000000)
  eden space 4096K, 0% used [0x00000000eab00000,0x00000000eab00000,0x00000000eaf00000)
  from space 2560K, 100% used [0x00000000eb580000,0x00000000eb800000,0x00000000eb800000)
  to   space 4096K, 0% used [0x00000000eb000000,0x00000000eb000000,0x00000000eb400000)
 ParOldGen       total 92160K, used 88178K [0x00000000c0000000, 0x00000000c5a00000, 0x00000000eab00000)
  object space 92160K, 95% used [0x00000000c0000000,0x00000000c561ca18,0x00000000c5a00000)
 Metaspace       used 80943K, committed 82368K, reserved 1179648K
  class space    used 8131K, committed 8832K, reserved 1048576K
}
Event: 2693.619 GC heap before
{Heap before GC invocations=562 (full 14):
 PSYoungGen      total 6656K, used 6656K [0x00000000eab00000, 0x00000000eb800000, 0x0000000100000000)
  eden space 4096K, 100% used [0x00000000eab00000,0x00000000eaf00000,0x00000000eaf00000)
  from space 2560K, 100% used [0x00000000eb580000,0x00000000eb800000,0x00000000eb800000)
  to   space 4096K, 0% used [0x00000000eb000000,0x00000000eb000000,0x00000000eb400000)
 ParOldGen       total 92160K, used 88178K [0x00000000c0000000, 0x00000000c5a00000, 0x00000000eab00000)
  object space 92160K, 95% used [0x00000000c0000000,0x00000000c561ca18,0x00000000c5a00000)
 Metaspace       used 80943K, committed 82368K, reserved 1179648K
  class space    used 8131K, committed 8832K, reserved 1048576K
}
Event: 2693.624 GC heap after
{Heap after GC invocations=562 (full 14):
 PSYoungGen      total 8704K, used 3264K [0x00000000eab00000, 0x00000000eb700000, 0x0000000100000000)
  eden space 5120K, 0% used [0x00000000eab00000,0x00000000eab00000,0x00000000eb000000)
  from space 3584K, 91% used [0x00000000eb000000,0x00000000eb330000,0x00000000eb380000)
  to   space 3584K, 0% used [0x00000000eb380000,0x00000000eb380000,0x00000000eb700000)
 ParOldGen       total 92160K, used 90274K [0x00000000c0000000, 0x00000000c5a00000, 0x00000000eab00000)
  object space 92160K, 97% used [0x00000000c0000000,0x00000000c5828a18,0x00000000c5a00000)
 Metaspace       used 80943K, committed 82368K, reserved 1179648K
  class space    used 8131K, committed 8832K, reserved 1048576K
}
Event: 2693.624 GC heap before
{Heap before GC invocations=563 (full 15):
 PSYoungGen      total 8704K, used 3264K [0x00000000eab00000, 0x00000000eb700000, 0x0000000100000000)
  eden space 5120K, 0% used [0x00000000eab00000,0x00000000eab00000,0x00000000eb000000)
  from space 3584K, 91% used [0x00000000eb000000,0x00000000eb330000,0x00000000eb380000)
  to   space 3584K, 0% used [0x00000000eb380000,0x00000000eb380000,0x00000000eb700000)
 ParOldGen       total 92160K, used 90274K [0x00000000c0000000, 0x00000000c5a00000, 0x00000000eab00000)
  object space 92160K, 97% used [0x00000000c0000000,0x00000000c5828a18,0x00000000c5a00000)
 Metaspace       used 80943K, committed 82368K, reserved 1179648K
  class space    used 8131K, committed 8832K, reserved 1048576K
}
Event: 2693.796 GC heap after
{Heap after GC invocations=563 (full 15):
 PSYoungGen      total 8704K, used 0K [0x00000000eab00000, 0x00000000eb800000, 0x0000000100000000)
  eden space 5120K, 0% used [0x00000000eab00000,0x00000000eab00000,0x00000000eb000000)
  from space 3584K, 0% used [0x00000000eb380000,0x00000000eb380000,0x00000000eb700000)
  to   space 3584K, 0% used [0x00000000eb000000,0x00000000eb000000,0x00000000eb380000)
 ParOldGen       total 114688K, used 88594K [0x00000000c0000000, 0x00000000c7000000, 0x00000000eab00000)
  object space 114688K, 77% used [0x00000000c0000000,0x00000000c56849f0,0x00000000c7000000)
 Metaspace       used 80943K, committed 82368K, reserved 1179648K
  class space    used 8131K, committed 8832K, reserved 1048576K
}
Event: 2693.927 GC heap before
{Heap before GC invocations=564 (full 15):
 PSYoungGen      total 8704K, used 5120K [0x00000000eab00000, 0x00000000eb800000, 0x0000000100000000)
  eden space 5120K, 100% used [0x00000000eab00000,0x00000000eb000000,0x00000000eb000000)
  from space 3584K, 0% used [0x00000000eb380000,0x00000000eb380000,0x00000000eb700000)
  to   space 3584K, 0% used [0x00000000eb000000,0x00000000eb000000,0x00000000eb380000)
 ParOldGen       total 114688K, used 88594K [0x00000000c0000000, 0x00000000c7000000, 0x00000000eab00000)
  object space 114688K, 77% used [0x00000000c0000000,0x00000000c56849f0,0x00000000c7000000)
 Metaspace       used 80943K, committed 82368K, reserved 1179648K
  class space    used 8131K, committed 8832K, reserved 1048576K
}
Event: 2693.930 GC heap after
{Heap after GC invocations=564 (full 15):
 PSYoungGen      total 8704K, used 3578K [0x00000000eab00000, 0x00000000ebc00000, 0x0000000100000000)
  eden space 5120K, 0% used [0x00000000eab00000,0x00000000eab00000,0x00000000eb000000)
  from space 3584K, 99% used [0x00000000eb000000,0x00000000eb37e850,0x00000000eb380000)
  to   space 5632K, 0% used [0x00000000eb680000,0x00000000eb680000,0x00000000ebc00000)
 ParOldGen       total 114688K, used 90146K [0x00000000c0000000, 0x00000000c7000000, 0x00000000eab00000)
  object space 114688K, 78% used [0x00000000c0000000,0x00000000c58089f0,0x00000000c7000000)
 Metaspace       used 80943K, committed 82368K, reserved 1179648K
  class space    used 8131K, committed 8832K, reserved 1048576K
}
Event: 2693.945 GC heap before
{Heap before GC invocations=565 (full 15):
 PSYoungGen      total 8704K, used 8698K [0x00000000eab00000, 0x00000000ebc00000, 0x0000000100000000)
  eden space 5120K, 99% used [0x00000000eab00000,0x00000000eafffff0,0x00000000eb000000)
  from space 3584K, 99% used [0x00000000eb000000,0x00000000eb37e850,0x00000000eb380000)
  to   space 5632K, 0% used [0x00000000eb680000,0x00000000eb680000,0x00000000ebc00000)
 ParOldGen       total 114688K, used 90146K [0x00000000c0000000, 0x00000000c7000000, 0x00000000eab00000)
  object space 114688K, 78% used [0x00000000c0000000,0x00000000c58089f0,0x00000000c7000000)
 Metaspace       used 80943K, committed 82368K, reserved 1179648K
  class space    used 8131K, committed 8832K, reserved 1048576K
}
Event: 2693.951 GC heap after
{Heap after GC invocations=565 (full 15):
 PSYoungGen      total 11776K, used 5152K [0x00000000eab00000, 0x00000000ebc00000, 0x0000000100000000)
  eden space 6144K, 0% used [0x00000000eab00000,0x00000000eab00000,0x00000000eb100000)
  from space 5632K, 91% used [0x00000000eb680000,0x00000000ebb88000,0x00000000ebc00000)
  to   space 5632K, 0% used [0x00000000eb100000,0x00000000eb100000,0x00000000eb680000)
 ParOldGen       total 114688K, used 93748K [0x00000000c0000000, 0x00000000c7000000, 0x00000000eab00000)
  object space 114688K, 81% used [0x00000000c0000000,0x00000000c5b8d240,0x00000000c7000000)
 Metaspace       used 80943K, committed 82368K, reserved 1179648K
  class space    used 8131K, committed 8832K, reserved 1048576K
}
Event: 2694.164 GC heap before
{Heap before GC invocations=566 (full 15):
 PSYoungGen      total 11776K, used 11296K [0x00000000eab00000, 0x00000000ebc00000, 0x0000000100000000)
  eden space 6144K, 100% used [0x00000000eab00000,0x00000000eb100000,0x00000000eb100000)
  from space 5632K, 91% used [0x00000000eb680000,0x00000000ebb88000,0x00000000ebc00000)
  to   space 5632K, 0% used [0x00000000eb100000,0x00000000eb100000,0x00000000eb680000)
 ParOldGen       total 114688K, used 93748K [0x00000000c0000000, 0x00000000c7000000, 0x00000000eab00000)
  object space 114688K, 81% used [0x00000000c0000000,0x00000000c5b8d240,0x00000000c7000000)
 Metaspace       used 80953K, committed 82368K, reserved 1179648K
  class space    used 8131K, committed 8832K, reserved 1048576K
}
Event: 2694.172 GC heap after
{Heap after GC invocations=566 (full 15):
 PSYoungGen      total 11776K, used 4660K [0x00000000eab00000, 0x00000000ebc00000, 0x0000000100000000)
  eden space 6144K, 0% used [0x00000000eab00000,0x00000000eab00000,0x00000000eb100000)
  from space 5632K, 82% used [0x00000000eb100000,0x00000000eb58d200,0x00000000eb680000)
  to   space 5120K, 0% used [0x00000000eb700000,0x00000000eb700000,0x00000000ebc00000)
 ParOldGen       total 114688K, used 98900K [0x00000000c0000000, 0x00000000c7000000, 0x00000000eab00000)
  object space 114688K, 86% used [0x00000000c0000000,0x00000000c6095240,0x00000000c7000000)
 Metaspace       used 80953K, committed 82368K, reserved 1179648K
  class space    used 8131K, committed 8832K, reserved 1048576K
}
Event: 2694.195 GC heap before
{Heap before GC invocations=567 (full 15):
 PSYoungGen      total 11776K, used 10804K [0x00000000eab00000, 0x00000000ebc00000, 0x0000000100000000)
  eden space 6144K, 100% used [0x00000000eab00000,0x00000000eb100000,0x00000000eb100000)
  from space 5632K, 82% used [0x00000000eb100000,0x00000000eb58d200,0x00000000eb680000)
  to   space 5120K, 0% used [0x00000000eb700000,0x00000000eb700000,0x00000000ebc00000)
 ParOldGen       total 114688K, used 98900K [0x00000000c0000000, 0x00000000c7000000, 0x00000000eab00000)
  object space 114688K, 86% used [0x00000000c0000000,0x00000000c6095240,0x00000000c7000000)
 Metaspace       used 80969K, committed 82368K, reserved 1179648K
  class space    used 8131K, committed 8832K, reserved 1048576K
}
Event: 2694.200 GC heap after
{Heap after GC invocations=567 (full 15):
 PSYoungGen      total 7680K, used 420K [0x00000000eab00000, 0x00000000eb780000, 0x0000000100000000)
  eden space 7168K, 0% used [0x00000000eab00000,0x00000000eab00000,0x00000000eb200000)
  from space 512K, 82% used [0x00000000eb700000,0x00000000eb769210,0x00000000eb780000)
  to   space 2048K, 0% used [0x00000000eb380000,0x00000000eb380000,0x00000000eb580000)
 ParOldGen       total 114688K, used 103440K [0x00000000c0000000, 0x00000000c7000000, 0x00000000eab00000)
  object space 114688K, 90% used [0x00000000c0000000,0x00000000c6504268,0x00000000c7000000)
 Metaspace       used 80969K, committed 82368K, reserved 1179648K
  class space    used 8131K, committed 8832K, reserved 1048576K
}
Event: 2710.622 GC heap before
{Heap before GC invocations=568 (full 15):
 PSYoungGen      total 7680K, used 7588K [0x00000000eab00000, 0x00000000eb780000, 0x0000000100000000)
  eden space 7168K, 100% used [0x00000000eab00000,0x00000000eb200000,0x00000000eb200000)
  from space 512K, 82% used [0x00000000eb700000,0x00000000eb769210,0x00000000eb780000)
  to   space 2048K, 0% used [0x00000000eb380000,0x00000000eb380000,0x00000000eb580000)
 ParOldGen       total 114688K, used 103440K [0x00000000c0000000, 0x00000000c7000000, 0x00000000eab00000)
  object space 114688K, 90% used [0x00000000c0000000,0x00000000c6504268,0x00000000c7000000)
 Metaspace       used 80983K, committed 82368K, reserved 1179648K
  class space    used 8133K, committed 8832K, reserved 1048576K
}
Event: 2710.623 GC heap after
{Heap after GC invocations=568 (full 15):
 PSYoungGen      total 10240K, used 580K [0x00000000eab00000, 0x00000000eb780000, 0x0000000100000000)
  eden space 8192K, 0% used [0x00000000eab00000,0x00000000eab00000,0x00000000eb300000)
  from space 2048K, 28% used [0x00000000eb380000,0x00000000eb411230,0x00000000eb580000)
  to   space 1024K, 0% used [0x00000000eb680000,0x00000000eb680000,0x00000000eb780000)
 ParOldGen       total 114688K, used 103456K [0x00000000c0000000, 0x00000000c7000000, 0x00000000eab00000)
  object space 114688K, 90% used [0x00000000c0000000,0x00000000c6508268,0x00000000c7000000)
 Metaspace       used 80983K, committed 82368K, reserved 1179648K
  class space    used 8133K, committed 8832K, reserved 1048576K
}
Event: 2710.930 GC heap before
{Heap before GC invocations=569 (full 15):
 PSYoungGen      total 10240K, used 8772K [0x00000000eab00000, 0x00000000eb780000, 0x0000000100000000)
  eden space 8192K, 100% used [0x00000000eab00000,0x00000000eb300000,0x00000000eb300000)
  from space 2048K, 28% used [0x00000000eb380000,0x00000000eb411230,0x00000000eb580000)
  to   space 1024K, 0% used [0x00000000eb680000,0x00000000eb680000,0x00000000eb780000)
 ParOldGen       total 114688K, used 103456K [0x00000000c0000000, 0x00000000c7000000, 0x00000000eab00000)
  object space 114688K, 90% used [0x00000000c0000000,0x00000000c6508268,0x00000000c7000000)
 Metaspace       used 81167K, committed 82496K, reserved 1179648K
  class space    used 8153K, committed 8832K, reserved 1048576K
}
Event: 2710.933 GC heap after
{Heap after GC invocations=569 (full 15):
 PSYoungGen      total 10240K, used 1022K [0x00000000eab00000, 0x00000000eb900000, 0x0000000100000000)
  eden space 9216K, 0% used [0x00000000eab00000,0x00000000eab00000,0x00000000eb400000)
  from space 1024K, 99% used [0x00000000eb680000,0x00000000eb77fa70,0x00000000eb780000)
  to   space 2560K, 0% used [0x00000000eb400000,0x00000000eb400000,0x00000000eb680000)
 ParOldGen       total 114688K, used 104524K [0x00000000c0000000, 0x00000000c7000000, 0x00000000eab00000)
  object space 114688K, 91% used [0x00000000c0000000,0x00000000c66132a8,0x00000000c7000000)
 Metaspace       used 81167K, committed 82496K, reserved 1179648K
  class space    used 8153K, committed 8832K, reserved 1048576K
}

