# JRE version: OpenJDK Runtime Environment Temurin-17.0.11+9 (17.0.11+9) (build 17.0.11+9)
# Java VM: OpenJDK 64-Bit Server VM Temurin-17.0.11+9 (17.0.11+9, mixed mode, tiered, compressed oops, compressed class ptrs, g1 gc, windows-amd64)
GC Precious Log:
 CPUs: 4 total, 4 available
 Memory: 8150M
 Large Page Support: Disabled
 NUMA Support: Disabled
 Compressed Oops: Enabled (32-bit)
 Heap Region Size: 1M
 Heap Min Capacity: 8M
 Heap Initial Capacity: 128M
 Heap Max Capacity: 2038M
 Pre-touch: Disabled
 Parallel Workers: 4
 Concurrent Workers: 1
 Concurrent Refinement Workers: 4
 Periodic GC: Disabled
Heap:
 garbage-first heap   total 131072K, used 62917K [0x0000000080a00000, 0x0000000100000000)
  region size 1024K, 49 young (50176K), 7 survivors (7168K)
 Metaspace       used 14350K, committed 14528K, reserved 1114112K
  class space    used 1510K, committed 1600K, reserved 1048576K
GC Heap History (10 events):
Event: 1.092 GC heap before
{Heap before GC invocations=0 (full 0):
 garbage-first heap   total 131072K, used 13312K [0x0000000080a00000, 0x0000000100000000)
  region size 1024K, 13 young (13312K), 0 survivors (0K)
 Metaspace       used 9314K, committed 9472K, reserved 1114112K
  class space    used 922K, committed 1024K, reserved 1048576K
}
Event: 1.102 GC heap after
{Heap after GC invocations=1 (full 0):
 garbage-first heap   total 131072K, used 5899K [0x0000000080a00000, 0x0000000100000000)
  region size 1024K, 2 young (2048K), 2 survivors (2048K)
 Metaspace       used 9314K, committed 9472K, reserved 1114112K
  class space    used 922K, committed 1024K, reserved 1048576K
}
Event: 1.741 GC heap before
{Heap before GC invocations=1 (full 0):
 garbage-first heap   total 131072K, used 16139K [0x0000000080a00000, 0x0000000100000000)
  region size 1024K, 12 young (12288K), 2 survivors (2048K)
 Metaspace       used 11469K, committed 11648K, reserved 1114112K
  class space    used 1192K, committed 1280K, reserved 1048576K
}
Event: 1.744 GC heap after
{Heap after GC invocations=2 (full 0):
 garbage-first heap   total 131072K, used 7153K [0x0000000080a00000, 0x0000000100000000)
  region size 1024K, 2 young (2048K), 2 survivors (2048K)
 Metaspace       used 11469K, committed 11648K, reserved 1114112K
  class space    used 1192K, committed 1280K, reserved 1048576K
}
Event: 2.010 GC heap before
{Heap before GC invocations=2 (full 0):
 garbage-first heap   total 131072K, used 30705K [0x0000000080a00000, 0x0000000100000000)
  region size 1024K, 25 young (25600K), 2 survivors (2048K)
 Metaspace       used 11545K, committed 11712K, reserved 1114112K
  class space    used 1201K, committed 1280K, reserved 1048576K
}
Event: 2.013 GC heap after
{Heap after GC invocations=3 (full 0):
 garbage-first heap   total 131072K, used 8465K [0x0000000080a00000, 0x0000000100000000)
  region size 1024K, 3 young (3072K), 3 survivors (3072K)
 Metaspace       used 11545K, committed 11712K, reserved 1114112K
  class space    used 1201K, committed 1280K, reserved 1048576K
}
Event: 2.516 GC heap before
{Heap before GC invocations=3 (full 0):
 garbage-first heap   total 131072K, used 83217K [0x0000000080a00000, 0x0000000100000000)
  region size 1024K, 76 young (77824K), 3 survivors (3072K)
 Metaspace       used 11694K, committed 11840K, reserved 1114112K
  class space    used 1211K, committed 1280K, reserved 1048576K
}
Event: 2.525 GC heap after
{Heap after GC invocations=4 (full 0):
 garbage-first heap   total 131072K, used 14072K [0x0000000080a00000, 0x0000000100000000)
  region size 1024K, 8 young (8192K), 8 survivors (8192K)
 Metaspace       used 11694K, committed 11840K, reserved 1114112K
  class space    used 1211K, committed 1280K, reserved 1048576K
}
Event: 2.936 GC heap before
{Heap before GC invocations=4 (full 0):
 garbage-first heap   total 131072K, used 83704K [0x0000000080a00000, 0x0000000100000000)
  region size 1024K, 76 young (77824K), 8 survivors (8192K)
 Metaspace       used 11727K, committed 11840K, reserved 1114112K
  class space    used 1211K, committed 1280K, reserved 1048576K
}
Event: 2.948 GC heap after
{Heap after GC invocations=5 (full 0):
 garbage-first heap   total 131072K, used 20933K [0x0000000080a00000, 0x0000000100000000)
  region size 1024K, 7 young (7168K), 7 survivors (7168K)
 Metaspace       used 11727K, committed 11840K, reserved 1114112K
  class space    used 1211K, committed 1280K, reserved 1048576K
}

