# JRE version: OpenJDK Runtime Environment Temurin-17.0.11+9 (17.0.11+9) (build 17.0.11+9)
# Java VM: OpenJDK 64-Bit Server VM Temurin-17.0.11+9 (17.0.11+9, mixed mode, emulated-client, tiered, compressed oops, compressed class ptrs, g1 gc, windows-amd64)
GC Precious Log:
 CPUs: 4 total, 4 available
 Memory: 8150M
 Large Page Support: Disabled
 NUMA Support: Disabled
 Compressed Oops: Enabled (32-bit)
 Heap Region Size: 1M
 Heap Min Capacity: 8M
 Heap Initial Capacity: 128M
 Heap Max Capacity: 1G
 Pre-touch: Disabled
 Parallel Workers: 4
 Concurrent Workers: 1
 Concurrent Refinement Workers: 4
 Periodic GC: Disabled
Heap:
 garbage-first heap   total 122880K, used 36277K [0x00000000c0000000, 0x0000000100000000)
  region size 1024K, 1 young (1024K), 0 survivors (0K)
 Metaspace       used 61455K, committed 62208K, reserved 1114112K
  class space    used 7485K, committed 7744K, reserved 1048576K
GC Heap History (20 events):
Event: 4943.964 GC heap before
{Heap before GC invocations=513 (full 481):
 garbage-first heap   total 122880K, used 36277K [0x00000000c0000000, 0x0000000100000000)
  region size 1024K, 1 young (1024K), 0 survivors (0K)
 Metaspace       used 61455K, committed 62208K, reserved 1114112K
  class space    used 7485K, committed 7744K, reserved 1048576K
}
Event: 4943.995 GC heap after
{Heap after GC invocations=514 (full 482):
 garbage-first heap   total 122880K, used 36277K [0x00000000c0000000, 0x0000000100000000)
  region size 1024K, 0 young (0K), 0 survivors (0K)
 Metaspace       used 61455K, committed 62208K, reserved 1114112K
  class space    used 7485K, committed 7744K, reserved 1048576K
}
Event: 4954.128 GC heap before
{Heap before GC invocations=514 (full 482):
 garbage-first heap   total 122880K, used 36277K [0x00000000c0000000, 0x0000000100000000)
  region size 1024K, 1 young (1024K), 0 survivors (0K)
 Metaspace       used 61455K, committed 62208K, reserved 1114112K
  class space    used 7485K, committed 7744K, reserved 1048576K
}
Event: 4954.158 GC heap after
{Heap after GC invocations=515 (full 483):
 garbage-first heap   total 122880K, used 36277K [0x00000000c0000000, 0x0000000100000000)
  region size 1024K, 0 young (0K), 0 survivors (0K)
 Metaspace       used 61455K, committed 62208K, reserved 1114112K
  class space    used 7485K, committed 7744K, reserved 1048576K
}
Event: 4964.280 GC heap before
{Heap before GC invocations=515 (full 483):
 garbage-first heap   total 122880K, used 36277K [0x00000000c0000000, 0x0000000100000000)
  region size 1024K, 1 young (1024K), 0 survivors (0K)
 Metaspace       used 61455K, committed 62208K, reserved 1114112K
  class space    used 7485K, committed 7744K, reserved 1048576K
}
Event: 4964.308 GC heap after
{Heap after GC invocations=516 (full 484):
 garbage-first heap   total 122880K, used 36277K [0x00000000c0000000, 0x0000000100000000)
  region size 1024K, 0 young (0K), 0 survivors (0K)
 Metaspace       used 61455K, committed 62208K, reserved 1114112K
  class space    used 7485K, committed 7744K, reserved 1048576K
}
Event: 4974.439 GC heap before
{Heap before GC invocations=516 (full 484):
 garbage-first heap   total 122880K, used 36277K [0x00000000c0000000, 0x0000000100000000)
  region size 1024K, 1 young (1024K), 0 survivors (0K)
 Metaspace       used 61455K, committed 62208K, reserved 1114112K
  class space    used 7485K, committed 7744K, reserved 1048576K
}
Event: 4974.467 GC heap after
{Heap after GC invocations=517 (full 485):
 garbage-first heap   total 122880K, used 36277K [0x00000000c0000000, 0x0000000100000000)
  region size 1024K, 0 young (0K), 0 survivors (0K)
 Metaspace       used 61455K, committed 62208K, reserved 1114112K
  class space    used 7485K, committed 7744K, reserved 1048576K
}
Event: 4984.588 GC heap before
{Heap before GC invocations=517 (full 485):
 garbage-first heap   total 122880K, used 36277K [0x00000000c0000000, 0x0000000100000000)
  region size 1024K, 1 young (1024K), 0 survivors (0K)
 Metaspace       used 61455K, committed 62208K, reserved 1114112K
  class space    used 7485K, committed 7744K, reserved 1048576K
}
Event: 4984.617 GC heap after
{Heap after GC invocations=518 (full 486):
 garbage-first heap   total 122880K, used 36277K [0x00000000c0000000, 0x0000000100000000)
  region size 1024K, 0 young (0K), 0 survivors (0K)
 Metaspace       used 61455K, committed 62208K, reserved 1114112K
  class space    used 7485K, committed 7744K, reserved 1048576K
}
Event: 4994.744 GC heap before
{Heap before GC invocations=518 (full 486):
 garbage-first heap   total 122880K, used 36277K [0x00000000c0000000, 0x0000000100000000)
  region size 1024K, 1 young (1024K), 0 survivors (0K)
 Metaspace       used 61455K, committed 62208K, reserved 1114112K
  class space    used 7485K, committed 7744K, reserved 1048576K
}
Event: 4994.772 GC heap after
{Heap after GC invocations=519 (full 487):
 garbage-first heap   total 122880K, used 36277K [0x00000000c0000000, 0x0000000100000000)
  region size 1024K, 0 young (0K), 0 survivors (0K)
 Metaspace       used 61455K, committed 62208K, reserved 1114112K
  class space    used 7485K, committed 7744K, reserved 1048576K
}
Event: 5004.904 GC heap before
{Heap before GC invocations=519 (full 487):
 garbage-first heap   total 122880K, used 36277K [0x00000000c0000000, 0x0000000100000000)
  region size 1024K, 1 young (1024K), 0 survivors (0K)
 Metaspace       used 61455K, committed 62208K, reserved 1114112K
  class space    used 7485K, committed 7744K, reserved 1048576K
}
Event: 5004.932 GC heap after
{Heap after GC invocations=520 (full 488):
 garbage-first heap   total 122880K, used 36277K [0x00000000c0000000, 0x0000000100000000)
  region size 1024K, 0 young (0K), 0 survivors (0K)
 Metaspace       used 61455K, committed 62208K, reserved 1114112K
  class space    used 7485K, committed 7744K, reserved 1048576K
}
Event: 5015.052 GC heap before
{Heap before GC invocations=520 (full 488):
 garbage-first heap   total 122880K, used 36277K [0x00000000c0000000, 0x0000000100000000)
  region size 1024K, 1 young (1024K), 0 survivors (0K)
 Metaspace       used 61455K, committed 62208K, reserved 1114112K
  class space    used 7485K, committed 7744K, reserved 1048576K
}
Event: 5015.080 GC heap after
{Heap after GC invocations=521 (full 489):
 garbage-first heap   total 122880K, used 36277K [0x00000000c0000000, 0x0000000100000000)
  region size 1024K, 0 young (0K), 0 survivors (0K)
 Metaspace       used 61455K, committed 62208K, reserved 1114112K
  class space    used 7485K, committed 7744K, reserved 1048576K
}
Event: 5025.221 GC heap before
{Heap before GC invocations=521 (full 489):
 garbage-first heap   total 122880K, used 36277K [0x00000000c0000000, 0x0000000100000000)
  region size 1024K, 1 young (1024K), 0 survivors (0K)
 Metaspace       used 61455K, committed 62208K, reserved 1114112K
  class space    used 7485K, committed 7744K, reserved 1048576K
}
Event: 5025.252 GC heap after
{Heap after GC invocations=522 (full 490):
 garbage-first heap   total 122880K, used 36277K [0x00000000c0000000, 0x0000000100000000)
  region size 1024K, 0 young (0K), 0 survivors (0K)
 Metaspace       used 61455K, committed 62208K, reserved 1114112K
  class space    used 7485K, committed 7744K, reserved 1048576K
}
Event: 5035.377 GC heap before
{Heap before GC invocations=522 (full 490):
 garbage-first heap   total 122880K, used 36277K [0x00000000c0000000, 0x0000000100000000)
  region size 1024K, 1 young (1024K), 0 survivors (0K)
 Metaspace       used 61455K, committed 62208K, reserved 1114112K
  class space    used 7485K, committed 7744K, reserved 1048576K
}
Event: 5035.406 GC heap after
{Heap after GC invocations=523 (full 491):
 garbage-first heap   total 122880K, used 36277K [0x00000000c0000000, 0x0000000100000000)
  region size 1024K, 0 young (0K), 0 survivors (0K)
 Metaspace       used 61455K, committed 62208K, reserved 1114112K
  class space    used 7485K, committed 7744K, reserved 1048576K
}

