# JRE version: OpenJDK Runtime Environment Temurin-17.0.12+7 (17.0.12+7) (build 17.0.12+7)
# Java VM: OpenJDK 64-Bit Server VM Temurin-17.0.12+7 (17.0.12+7, mixed mode, tiered, compressed oops, compressed class ptrs, parallel gc, windows-amd64)
GC Precious Log:
 CPUs: 4 total, 4 available
 Memory: 8150M
 Large Page Support: Disabled
 NUMA Support: Disabled
 Compressed Oops: Enabled (32-bit)
 Alignments: Space 512K, Generation 512K, Heap 2M
 Heap Min Capacity: 100M
 Heap Initial Capacity: 100M
 Heap Max Capacity: 1G
 Pre-touch: Disabled
 Parallel Workers: 4
Heap:
 PSYoungGen      total 19456K, used 15830K [0x00000000eab00000, 0x00000000ec280000, 0x0000000100000000)
  eden space 16896K, 79% used [0x00000000eab00000,0x00000000eb81d998,0x00000000ebb80000)
  from space 2560K, 93% used [0x00000000ec000000,0x00000000ec258000,0x00000000ec280000)
  to   space 3072K, 0% used [0x00000000ebc80000,0x00000000ebc80000,0x00000000ebf80000)
 ParOldGen       total 165888K, used 150459K [0x00000000c0000000, 0x00000000ca200000, 0x00000000eab00000)
  object space 165888K, 90% used [0x00000000c0000000,0x00000000c92eefe0,0x00000000ca200000)
 Metaspace       used 76006K, committed 77376K, reserved 1179648K
  class space    used 7831K, committed 8448K, reserved 1048576K
GC Heap History (20 events):
Event: 27.895 GC heap before
{Heap before GC invocations=172 (full 9):
 PSYoungGen      total 13824K, used 13823K [0x00000000eab00000, 0x00000000ec380000, 0x0000000100000000)
  eden space 7168K, 100% used [0x00000000eab00000,0x00000000eb200000,0x00000000eb200000)
  from space 6656K, 99% used [0x00000000eba00000,0x00000000ec07fce8,0x00000000ec080000)
  to   space 8192K, 0% used [0x00000000eb200000,0x00000000eb200000,0x00000000eba00000)
 ParOldGen       total 165888K, used 126674K [0x00000000c0000000, 0x00000000ca200000, 0x00000000eab00000)
  object space 165888K, 76% used [0x00000000c0000000,0x00000000c7bb4990,0x00000000ca200000)
 Metaspace       used 74069K, committed 75392K, reserved 1179648K
  class space    used 7593K, committed 8192K, reserved 1048576K
}
Event: 27.902 GC heap after
{Heap after GC invocations=172 (full 9):
 PSYoungGen      total 15360K, used 6501K [0x00000000eab00000, 0x00000000ec100000, 0x0000000100000000)
  eden space 7168K, 0% used [0x00000000eab00000,0x00000000eab00000,0x00000000eb200000)
  from space 8192K, 79% used [0x00000000eb200000,0x00000000eb859698,0x00000000eba00000)
  to   space 7168K, 0% used [0x00000000eba00000,0x00000000eba00000,0x00000000ec100000)
 ParOldGen       total 165888K, used 128077K [0x00000000c0000000, 0x00000000ca200000, 0x00000000eab00000)
  object space 165888K, 77% used [0x00000000c0000000,0x00000000c7d13600,0x00000000ca200000)
 Metaspace       used 74069K, committed 75392K, reserved 1179648K
  class space    used 7593K, committed 8192K, reserved 1048576K
}
Event: 27.936 GC heap before
{Heap before GC invocations=173 (full 9):
 PSYoungGen      total 15360K, used 13669K [0x00000000eab00000, 0x00000000ec100000, 0x0000000100000000)
  eden space 7168K, 100% used [0x00000000eab00000,0x00000000eb200000,0x00000000eb200000)
  from space 8192K, 79% used [0x00000000eb200000,0x00000000eb859698,0x00000000eba00000)
  to   space 7168K, 0% used [0x00000000eba00000,0x00000000eba00000,0x00000000ec100000)
 ParOldGen       total 165888K, used 128077K [0x00000000c0000000, 0x00000000ca200000, 0x00000000eab00000)
  object space 165888K, 77% used [0x00000000c0000000,0x00000000c7d13600,0x00000000ca200000)
 Metaspace       used 74076K, committed 75392K, reserved 1179648K
  class space    used 7593K, committed 8192K, reserved 1048576K
}
Event: 27.943 GC heap after
{Heap after GC invocations=173 (full 9):
 PSYoungGen      total 13312K, used 4957K [0x00000000eab00000, 0x00000000ebf00000, 0x0000000100000000)
  eden space 8192K, 0% used [0x00000000eab00000,0x00000000eab00000,0x00000000eb300000)
  from space 5120K, 96% used [0x00000000eba00000,0x00000000ebed7610,0x00000000ebf00000)
  to   space 5632K, 0% used [0x00000000eb400000,0x00000000eb400000,0x00000000eb980000)
 ParOldGen       total 165888K, used 129229K [0x00000000c0000000, 0x00000000ca200000, 0x00000000eab00000)
  object space 165888K, 77% used [0x00000000c0000000,0x00000000c7e33600,0x00000000ca200000)
 Metaspace       used 74076K, committed 75392K, reserved 1179648K
  class space    used 7593K, committed 8192K, reserved 1048576K
}
Event: 27.981 GC heap before
{Heap before GC invocations=174 (full 9):
 PSYoungGen      total 13312K, used 13149K [0x00000000eab00000, 0x00000000ebf00000, 0x0000000100000000)
  eden space 8192K, 100% used [0x00000000eab00000,0x00000000eb300000,0x00000000eb300000)
  from space 5120K, 96% used [0x00000000eba00000,0x00000000ebed7610,0x00000000ebf00000)
  to   space 5632K, 0% used [0x00000000eb400000,0x00000000eb400000,0x00000000eb980000)
 ParOldGen       total 165888K, used 129229K [0x00000000c0000000, 0x00000000ca200000, 0x00000000eab00000)
  object space 165888K, 77% used [0x00000000c0000000,0x00000000c7e33600,0x00000000ca200000)
 Metaspace       used 74084K, committed 75392K, reserved 1179648K
  class space    used 7593K, committed 8192K, reserved 1048576K
}
Event: 27.987 GC heap after
{Heap after GC invocations=174 (full 9):
 PSYoungGen      total 14848K, used 5622K [0x00000000eab00000, 0x00000000eca00000, 0x0000000100000000)
  eden space 9216K, 0% used [0x00000000eab00000,0x00000000eab00000,0x00000000eb400000)
  from space 5632K, 99% used [0x00000000eb400000,0x00000000eb97d848,0x00000000eb980000)
  to   space 11264K, 0% used [0x00000000ebf00000,0x00000000ebf00000,0x00000000eca00000)
 ParOldGen       total 165888K, used 133807K [0x00000000c0000000, 0x00000000ca200000, 0x00000000eab00000)
  object space 165888K, 80% used [0x00000000c0000000,0x00000000c82abc38,0x00000000ca200000)
 Metaspace       used 74084K, committed 75392K, reserved 1179648K
  class space    used 7593K, committed 8192K, reserved 1048576K
}
Event: 28.011 GC heap before
{Heap before GC invocations=175 (full 9):
 PSYoungGen      total 14848K, used 14838K [0x00000000eab00000, 0x00000000eca00000, 0x0000000100000000)
  eden space 9216K, 100% used [0x00000000eab00000,0x00000000eb400000,0x00000000eb400000)
  from space 5632K, 99% used [0x00000000eb400000,0x00000000eb97d848,0x00000000eb980000)
  to   space 11264K, 0% used [0x00000000ebf00000,0x00000000ebf00000,0x00000000eca00000)
 ParOldGen       total 165888K, used 133807K [0x00000000c0000000, 0x00000000ca200000, 0x00000000eab00000)
  object space 165888K, 80% used [0x00000000c0000000,0x00000000c82abc38,0x00000000ca200000)
 Metaspace       used 74084K, committed 75392K, reserved 1179648K
  class space    used 7593K, committed 8192K, reserved 1048576K
}
Event: 28.017 GC heap after
{Heap after GC invocations=175 (full 9):
 PSYoungGen      total 17408K, used 6397K [0x00000000eab00000, 0x00000000ec580000, 0x0000000100000000)
  eden space 10752K, 0% used [0x00000000eab00000,0x00000000eab00000,0x00000000eb580000)
  from space 6656K, 96% used [0x00000000ebf00000,0x00000000ec53f6c0,0x00000000ec580000)
  to   space 8192K, 0% used [0x00000000eb580000,0x00000000eb580000,0x00000000ebd80000)
 ParOldGen       total 165888K, used 135615K [0x00000000c0000000, 0x00000000ca200000, 0x00000000eab00000)
  object space 165888K, 81% used [0x00000000c0000000,0x00000000c846fc58,0x00000000ca200000)
 Metaspace       used 74084K, committed 75392K, reserved 1179648K
  class space    used 7593K, committed 8192K, reserved 1048576K
}
Event: 28.073 GC heap before
{Heap before GC invocations=176 (full 9):
 PSYoungGen      total 17408K, used 17149K [0x00000000eab00000, 0x00000000ec580000, 0x0000000100000000)
  eden space 10752K, 100% used [0x00000000eab00000,0x00000000eb580000,0x00000000eb580000)
  from space 6656K, 96% used [0x00000000ebf00000,0x00000000ec53f6c0,0x00000000ec580000)
  to   space 8192K, 0% used [0x00000000eb580000,0x00000000eb580000,0x00000000ebd80000)
 ParOldGen       total 165888K, used 135615K [0x00000000c0000000, 0x00000000ca200000, 0x00000000eab00000)
  object space 165888K, 81% used [0x00000000c0000000,0x00000000c846fc58,0x00000000ca200000)
 Metaspace       used 74084K, committed 75392K, reserved 1179648K
  class space    used 7593K, committed 8192K, reserved 1048576K
}
Event: 28.080 GC heap after
{Heap after GC invocations=176 (full 9):
 PSYoungGen      total 18944K, used 8186K [0x00000000eab00000, 0x00000000ed500000, 0x0000000100000000)
  eden space 10752K, 0% used [0x00000000eab00000,0x00000000eab00000,0x00000000eb580000)
  from space 8192K, 99% used [0x00000000eb580000,0x00000000ebd7ebd8,0x00000000ebd80000)
  to   space 15360K, 0% used [0x00000000ec600000,0x00000000ec600000,0x00000000ed500000)
 ParOldGen       total 165888K, used 141344K [0x00000000c0000000, 0x00000000ca200000, 0x00000000eab00000)
  object space 165888K, 85% used [0x00000000c0000000,0x00000000c8a08290,0x00000000ca200000)
 Metaspace       used 74084K, committed 75392K, reserved 1179648K
  class space    used 7593K, committed 8192K, reserved 1048576K
}
Event: 28.132 GC heap before
{Heap before GC invocations=177 (full 9):
 PSYoungGen      total 18944K, used 18928K [0x00000000eab00000, 0x00000000ed500000, 0x0000000100000000)
  eden space 10752K, 99% used [0x00000000eab00000,0x00000000eb57d760,0x00000000eb580000)
  from space 8192K, 99% used [0x00000000eb580000,0x00000000ebd7ebd8,0x00000000ebd80000)
  to   space 15360K, 0% used [0x00000000ec600000,0x00000000ec600000,0x00000000ed500000)
 ParOldGen       total 165888K, used 141344K [0x00000000c0000000, 0x00000000ca200000, 0x00000000eab00000)
  object space 165888K, 85% used [0x00000000c0000000,0x00000000c8a08290,0x00000000ca200000)
 Metaspace       used 74103K, committed 75520K, reserved 1179648K
  class space    used 7593K, committed 8192K, reserved 1048576K
}
Event: 28.136 GC heap after
{Heap after GC invocations=177 (full 9):
 PSYoungGen      total 14848K, used 2285K [0x00000000eab00000, 0x00000000ec880000, 0x0000000100000000)
  eden space 12288K, 0% used [0x00000000eab00000,0x00000000eab00000,0x00000000eb700000)
  from space 2560K, 89% used [0x00000000ec600000,0x00000000ec83b6e0,0x00000000ec880000)
  to   space 6656K, 0% used [0x00000000ebb80000,0x00000000ebb80000,0x00000000ec200000)
 ParOldGen       total 165888K, used 146971K [0x00000000c0000000, 0x00000000ca200000, 0x00000000eab00000)
  object space 165888K, 88% used [0x00000000c0000000,0x00000000c8f86ed8,0x00000000ca200000)
 Metaspace       used 74103K, committed 75520K, reserved 1179648K
  class space    used 7593K, committed 8192K, reserved 1048576K
}
Event: 28.262 GC heap before
{Heap before GC invocations=178 (full 9):
 PSYoungGen      total 14848K, used 14573K [0x00000000eab00000, 0x00000000ec880000, 0x0000000100000000)
  eden space 12288K, 100% used [0x00000000eab00000,0x00000000eb700000,0x00000000eb700000)
  from space 2560K, 89% used [0x00000000ec600000,0x00000000ec83b6e0,0x00000000ec880000)
  to   space 6656K, 0% used [0x00000000ebb80000,0x00000000ebb80000,0x00000000ec200000)
 ParOldGen       total 165888K, used 146971K [0x00000000c0000000, 0x00000000ca200000, 0x00000000eab00000)
  object space 165888K, 88% used [0x00000000c0000000,0x00000000c8f86ed8,0x00000000ca200000)
 Metaspace       used 74528K, committed 75904K, reserved 1179648K
  class space    used 7630K, committed 8256K, reserved 1048576K
}
Event: 28.266 GC heap after
{Heap after GC invocations=178 (full 9):
 PSYoungGen      total 20480K, used 3406K [0x00000000eab00000, 0x00000000ec680000, 0x0000000100000000)
  eden space 13824K, 0% used [0x00000000eab00000,0x00000000eab00000,0x00000000eb880000)
  from space 6656K, 51% used [0x00000000ebb80000,0x00000000ebed3b30,0x00000000ec200000)
  to   space 4096K, 0% used [0x00000000ec280000,0x00000000ec280000,0x00000000ec680000)
 ParOldGen       total 165888K, used 146971K [0x00000000c0000000, 0x00000000ca200000, 0x00000000eab00000)
  object space 165888K, 88% used [0x00000000c0000000,0x00000000c8f86ed8,0x00000000ca200000)
 Metaspace       used 74528K, committed 75904K, reserved 1179648K
  class space    used 7630K, committed 8256K, reserved 1048576K
}
Event: 28.398 GC heap before
{Heap before GC invocations=179 (full 9):
 PSYoungGen      total 20480K, used 17230K [0x00000000eab00000, 0x00000000ec680000, 0x0000000100000000)
  eden space 13824K, 100% used [0x00000000eab00000,0x00000000eb880000,0x00000000eb880000)
  from space 6656K, 51% used [0x00000000ebb80000,0x00000000ebed3b30,0x00000000ec200000)
  to   space 4096K, 0% used [0x00000000ec280000,0x00000000ec280000,0x00000000ec680000)
 ParOldGen       total 165888K, used 146971K [0x00000000c0000000, 0x00000000ca200000, 0x00000000eab00000)
  object space 165888K, 88% used [0x00000000c0000000,0x00000000c8f86ed8,0x00000000ca200000)
 Metaspace       used 74661K, committed 76096K, reserved 1179648K
  class space    used 7637K, committed 8256K, reserved 1048576K
}
Event: 28.401 GC heap after
{Heap after GC invocations=179 (full 9):
 PSYoungGen      total 19456K, used 4094K [0x00000000eab00000, 0x00000000ec680000, 0x0000000100000000)
  eden space 15360K, 0% used [0x00000000eab00000,0x00000000eab00000,0x00000000eba00000)
  from space 4096K, 99% used [0x00000000ec280000,0x00000000ec67fb20,0x00000000ec680000)
  to   space 4608K, 0% used [0x00000000ebd80000,0x00000000ebd80000,0x00000000ec200000)
 ParOldGen       total 165888K, used 147123K [0x00000000c0000000, 0x00000000ca200000, 0x00000000eab00000)
  object space 165888K, 88% used [0x00000000c0000000,0x00000000c8faced8,0x00000000ca200000)
 Metaspace       used 74661K, committed 76096K, reserved 1179648K
  class space    used 7637K, committed 8256K, reserved 1048576K
}
Event: 28.491 GC heap before
{Heap before GC invocations=180 (full 9):
 PSYoungGen      total 19456K, used 19454K [0x00000000eab00000, 0x00000000ec680000, 0x0000000100000000)
  eden space 15360K, 100% used [0x00000000eab00000,0x00000000eba00000,0x00000000eba00000)
  from space 4096K, 99% used [0x00000000ec280000,0x00000000ec67fb20,0x00000000ec680000)
  to   space 4608K, 0% used [0x00000000ebd80000,0x00000000ebd80000,0x00000000ec200000)
 ParOldGen       total 165888K, used 147123K [0x00000000c0000000, 0x00000000ca200000, 0x00000000eab00000)
  object space 165888K, 88% used [0x00000000c0000000,0x00000000c8faced8,0x00000000ca200000)
 Metaspace       used 75132K, committed 76544K, reserved 1179648K
  class space    used 7690K, committed 8320K, reserved 1048576K
}
Event: 28.495 GC heap after
{Heap after GC invocations=180 (full 9):
 PSYoungGen      total 18944K, used 1600K [0x00000000eab00000, 0x00000000ec300000, 0x0000000100000000)
  eden space 16896K, 0% used [0x00000000eab00000,0x00000000eab00000,0x00000000ebb80000)
  from space 2048K, 78% used [0x00000000ebd80000,0x00000000ebf10000,0x00000000ebf80000)
  to   space 3072K, 0% used [0x00000000ec000000,0x00000000ec000000,0x00000000ec300000)
 ParOldGen       total 165888K, used 150451K [0x00000000c0000000, 0x00000000ca200000, 0x00000000eab00000)
  object space 165888K, 90% used [0x00000000c0000000,0x00000000c92ecfe0,0x00000000ca200000)
 Metaspace       used 75132K, committed 76544K, reserved 1179648K
  class space    used 7690K, committed 8320K, reserved 1048576K
}
Event: 28.702 GC heap before
{Heap before GC invocations=181 (full 9):
 PSYoungGen      total 18944K, used 18496K [0x00000000eab00000, 0x00000000ec300000, 0x0000000100000000)
  eden space 16896K, 100% used [0x00000000eab00000,0x00000000ebb80000,0x00000000ebb80000)
  from space 2048K, 78% used [0x00000000ebd80000,0x00000000ebf10000,0x00000000ebf80000)
  to   space 3072K, 0% used [0x00000000ec000000,0x00000000ec000000,0x00000000ec300000)
 ParOldGen       total 165888K, used 150451K [0x00000000c0000000, 0x00000000ca200000, 0x00000000eab00000)
  object space 165888K, 90% used [0x00000000c0000000,0x00000000c92ecfe0,0x00000000ca200000)
 Metaspace       used 75946K, committed 77312K, reserved 1179648K
  class space    used 7830K, committed 8448K, reserved 1048576K
}
Event: 28.704 GC heap after
{Heap after GC invocations=181 (full 9):
 PSYoungGen      total 19456K, used 2400K [0x00000000eab00000, 0x00000000ec280000, 0x0000000100000000)
  eden space 16896K, 0% used [0x00000000eab00000,0x00000000eab00000,0x00000000ebb80000)
  from space 2560K, 93% used [0x00000000ec000000,0x00000000ec258000,0x00000000ec280000)
  to   space 3072K, 0% used [0x00000000ebc80000,0x00000000ebc80000,0x00000000ebf80000)
 ParOldGen       total 165888K, used 150459K [0x00000000c0000000, 0x00000000ca200000, 0x00000000eab00000)
  object space 165888K, 90% used [0x00000000c0000000,0x00000000c92eefe0,0x00000000ca200000)
 Metaspace       used 75946K, committed 77312K, reserved 1179648K
  class space    used 7830K, committed 8448K, reserved 1048576K
}

