# JRE version: OpenJDK Runtime Environment Temurin-17.0.12+7 (17.0.12+7) (build 17.0.12+7)
# Java VM: OpenJDK 64-Bit Server VM Temurin-17.0.12+7 (17.0.12+7, mixed mode, emulated-client, tiered, compressed oops, compressed class ptrs, g1 gc, windows-amd64)
GC Precious Log:
 CPUs: 4 total, 4 available
 Memory: 8150M
 Large Page Support: Disabled
 NUMA Support: Disabled
 Compressed Oops: Enabled (32-bit)
 Heap Region Size: 1M
 Heap Min Capacity: 8M
 Heap Initial Capacity: 128M
 Heap Max Capacity: 1G
 Pre-touch: Disabled
 Parallel Workers: 4
 Concurrent Workers: 1
 Concurrent Refinement Workers: 4
 Periodic GC: Disabled
Heap:
 garbage-first heap   total 91136K, used 31988K [0x00000000c0000000, 0x0000000100000000)
  region size 1024K, 1 young (1024K), 0 survivors (0K)
 Metaspace       used 62365K, committed 62848K, reserved 1114112K
  class space    used 7664K, committed 7872K, reserved 1048576K
GC Heap History (20 events):
Event: 64711.877 GC heap after
{Heap after GC invocations=5968 (full 5931):
 garbage-first heap   total 91136K, used 31988K [0x00000000c0000000, 0x0000000100000000)
  region size 1024K, 0 young (0K), 0 survivors (0K)
 Metaspace       used 62365K, committed 62848K, reserved 1114112K
  class space    used 7664K, committed 7872K, reserved 1048576K
}
Event: 64722.013 GC heap before
{Heap before GC invocations=5968 (full 5931):
 garbage-first heap   total 91136K, used 31988K [0x00000000c0000000, 0x0000000100000000)
  region size 1024K, 1 young (1024K), 0 survivors (0K)
 Metaspace       used 62365K, committed 62848K, reserved 1114112K
  class space    used 7664K, committed 7872K, reserved 1048576K
}
Event: 64722.045 GC heap after
{Heap after GC invocations=5969 (full 5932):
 garbage-first heap   total 91136K, used 31988K [0x00000000c0000000, 0x0000000100000000)
  region size 1024K, 0 young (0K), 0 survivors (0K)
 Metaspace       used 62365K, committed 62848K, reserved 1114112K
  class space    used 7664K, committed 7872K, reserved 1048576K
}
Event: 64732.183 GC heap before
{Heap before GC invocations=5969 (full 5932):
 garbage-first heap   total 91136K, used 31988K [0x00000000c0000000, 0x0000000100000000)
  region size 1024K, 1 young (1024K), 0 survivors (0K)
 Metaspace       used 62365K, committed 62848K, reserved 1114112K
  class space    used 7664K, committed 7872K, reserved 1048576K
}
Event: 64732.215 GC heap after
{Heap after GC invocations=5970 (full 5933):
 garbage-first heap   total 91136K, used 31988K [0x00000000c0000000, 0x0000000100000000)
  region size 1024K, 0 young (0K), 0 survivors (0K)
 Metaspace       used 62365K, committed 62848K, reserved 1114112K
  class space    used 7664K, committed 7872K, reserved 1048576K
}
Event: 64742.361 GC heap before
{Heap before GC invocations=5970 (full 5933):
 garbage-first heap   total 91136K, used 31988K [0x00000000c0000000, 0x0000000100000000)
  region size 1024K, 1 young (1024K), 0 survivors (0K)
 Metaspace       used 62365K, committed 62848K, reserved 1114112K
  class space    used 7664K, committed 7872K, reserved 1048576K
}
Event: 64742.393 GC heap after
{Heap after GC invocations=5971 (full 5934):
 garbage-first heap   total 91136K, used 31988K [0x00000000c0000000, 0x0000000100000000)
  region size 1024K, 0 young (0K), 0 survivors (0K)
 Metaspace       used 62365K, committed 62848K, reserved 1114112K
  class space    used 7664K, committed 7872K, reserved 1048576K
}
Event: 64752.547 GC heap before
{Heap before GC invocations=5971 (full 5934):
 garbage-first heap   total 91136K, used 31988K [0x00000000c0000000, 0x0000000100000000)
  region size 1024K, 1 young (1024K), 0 survivors (0K)
 Metaspace       used 62365K, committed 62848K, reserved 1114112K
  class space    used 7664K, committed 7872K, reserved 1048576K
}
Event: 64752.578 GC heap after
{Heap after GC invocations=5972 (full 5935):
 garbage-first heap   total 91136K, used 31988K [0x00000000c0000000, 0x0000000100000000)
  region size 1024K, 0 young (0K), 0 survivors (0K)
 Metaspace       used 62365K, committed 62848K, reserved 1114112K
  class space    used 7664K, committed 7872K, reserved 1048576K
}
Event: 64762.730 GC heap before
{Heap before GC invocations=5972 (full 5935):
 garbage-first heap   total 91136K, used 31988K [0x00000000c0000000, 0x0000000100000000)
  region size 1024K, 1 young (1024K), 0 survivors (0K)
 Metaspace       used 62365K, committed 62848K, reserved 1114112K
  class space    used 7664K, committed 7872K, reserved 1048576K
}
Event: 64762.762 GC heap after
{Heap after GC invocations=5973 (full 5936):
 garbage-first heap   total 91136K, used 31988K [0x00000000c0000000, 0x0000000100000000)
  region size 1024K, 0 young (0K), 0 survivors (0K)
 Metaspace       used 62365K, committed 62848K, reserved 1114112K
  class space    used 7664K, committed 7872K, reserved 1048576K
}
Event: 64772.924 GC heap before
{Heap before GC invocations=5973 (full 5936):
 garbage-first heap   total 91136K, used 31988K [0x00000000c0000000, 0x0000000100000000)
  region size 1024K, 1 young (1024K), 0 survivors (0K)
 Metaspace       used 62365K, committed 62848K, reserved 1114112K
  class space    used 7664K, committed 7872K, reserved 1048576K
}
Event: 64772.955 GC heap after
{Heap after GC invocations=5974 (full 5937):
 garbage-first heap   total 91136K, used 31988K [0x00000000c0000000, 0x0000000100000000)
  region size 1024K, 0 young (0K), 0 survivors (0K)
 Metaspace       used 62365K, committed 62848K, reserved 1114112K
  class space    used 7664K, committed 7872K, reserved 1048576K
}
Event: 64783.094 GC heap before
{Heap before GC invocations=5974 (full 5937):
 garbage-first heap   total 91136K, used 31988K [0x00000000c0000000, 0x0000000100000000)
  region size 1024K, 1 young (1024K), 0 survivors (0K)
 Metaspace       used 62365K, committed 62848K, reserved 1114112K
  class space    used 7664K, committed 7872K, reserved 1048576K
}
Event: 64783.126 GC heap after
{Heap after GC invocations=5975 (full 5938):
 garbage-first heap   total 91136K, used 31988K [0x00000000c0000000, 0x0000000100000000)
  region size 1024K, 0 young (0K), 0 survivors (0K)
 Metaspace       used 62365K, committed 62848K, reserved 1114112K
  class space    used 7664K, committed 7872K, reserved 1048576K
}
Event: 64793.277 GC heap before
{Heap before GC invocations=5975 (full 5938):
 garbage-first heap   total 91136K, used 31988K [0x00000000c0000000, 0x0000000100000000)
  region size 1024K, 1 young (1024K), 0 survivors (0K)
 Metaspace       used 62365K, committed 62848K, reserved 1114112K
  class space    used 7664K, committed 7872K, reserved 1048576K
}
Event: 64793.308 GC heap after
{Heap after GC invocations=5976 (full 5939):
 garbage-first heap   total 91136K, used 31988K [0x00000000c0000000, 0x0000000100000000)
  region size 1024K, 0 young (0K), 0 survivors (0K)
 Metaspace       used 62365K, committed 62848K, reserved 1114112K
  class space    used 7664K, committed 7872K, reserved 1048576K
}
Event: 64803.461 GC heap before
{Heap before GC invocations=5976 (full 5939):
 garbage-first heap   total 91136K, used 31988K [0x00000000c0000000, 0x0000000100000000)
  region size 1024K, 1 young (1024K), 0 survivors (0K)
 Metaspace       used 62365K, committed 62848K, reserved 1114112K
  class space    used 7664K, committed 7872K, reserved 1048576K
}
Event: 64803.493 GC heap after
{Heap after GC invocations=5977 (full 5940):
 garbage-first heap   total 91136K, used 31988K [0x00000000c0000000, 0x0000000100000000)
  region size 1024K, 0 young (0K), 0 survivors (0K)
 Metaspace       used 62365K, committed 62848K, reserved 1114112K
  class space    used 7664K, committed 7872K, reserved 1048576K
}
Event: 64813.583 GC heap before
{Heap before GC invocations=5977 (full 5940):
 garbage-first heap   total 91136K, used 31988K [0x00000000c0000000, 0x0000000100000000)
  region size 1024K, 1 young (1024K), 0 survivors (0K)
 Metaspace       used 62365K, committed 62848K, reserved 1114112K
  class space    used 7664K, committed 7872K, reserved 1048576K
}

