# JRE version: OpenJDK Runtime Environment Temurin-17.0.11+9 (17.0.11+9) (build 17.0.11+9)
# Java VM: OpenJDK 64-Bit Server VM Temurin-17.0.11+9 (17.0.11+9, mixed mode, emulated-client, tiered, compressed oops, compressed class ptrs, g1 gc, windows-amd64)
GC Precious Log:
 CPUs: 4 total, 4 available
 Memory: 8150M
 Large Page Support: Disabled
 NUMA Support: Disabled
 Compressed Oops: Enabled (32-bit)
 Heap Region Size: 1M
 Heap Min Capacity: 8M
 Heap Initial Capacity: 128M
 Heap Max Capacity: 1G
 Pre-touch: Disabled
 Parallel Workers: 4
 Concurrent Workers: 1
 Concurrent Refinement Workers: 4
 Periodic GC: Disabled
Heap:
 garbage-first heap   total 97280K, used 39867K [0x00000000c0000000, 0x0000000100000000)
  region size 1024K, 1 young (1024K), 0 survivors (0K)
 Metaspace       used 63172K, committed 63616K, reserved 1114112K
  class space    used 7764K, committed 8000K, reserved 1048576K
GC Heap History (20 events):
Event: 338703.762 GC heap before
{Heap before GC invocations=33302 (full 33268):
 garbage-first heap   total 97280K, used 39866K [0x00000000c0000000, 0x0000000100000000)
  region size 1024K, 1 young (1024K), 0 survivors (0K)
 Metaspace       used 63171K, committed 63616K, reserved 1114112K
  class space    used 7764K, committed 8000K, reserved 1048576K
}
Event: 338703.795 GC heap after
{Heap after GC invocations=33303 (full 33269):
 garbage-first heap   total 97280K, used 39866K [0x00000000c0000000, 0x0000000100000000)
  region size 1024K, 0 young (0K), 0 survivors (0K)
 Metaspace       used 63171K, committed 63616K, reserved 1114112K
  class space    used 7764K, committed 8000K, reserved 1048576K
}
Event: 338713.953 GC heap before
{Heap before GC invocations=33303 (full 33269):
 garbage-first heap   total 97280K, used 39866K [0x00000000c0000000, 0x0000000100000000)
  region size 1024K, 1 young (1024K), 0 survivors (0K)
 Metaspace       used 63171K, committed 63616K, reserved 1114112K
  class space    used 7764K, committed 8000K, reserved 1048576K
}
Event: 338713.985 GC heap after
{Heap after GC invocations=33304 (full 33270):
 garbage-first heap   total 97280K, used 39866K [0x00000000c0000000, 0x0000000100000000)
  region size 1024K, 0 young (0K), 0 survivors (0K)
 Metaspace       used 63171K, committed 63616K, reserved 1114112K
  class space    used 7764K, committed 8000K, reserved 1048576K
}
Event: 338724.121 GC heap before
{Heap before GC invocations=33304 (full 33270):
 garbage-first heap   total 97280K, used 39866K [0x00000000c0000000, 0x0000000100000000)
  region size 1024K, 1 young (1024K), 0 survivors (0K)
 Metaspace       used 63171K, committed 63616K, reserved 1114112K
  class space    used 7764K, committed 8000K, reserved 1048576K
}
Event: 338724.153 GC heap after
{Heap after GC invocations=33305 (full 33271):
 garbage-first heap   total 97280K, used 39866K [0x00000000c0000000, 0x0000000100000000)
  region size 1024K, 0 young (0K), 0 survivors (0K)
 Metaspace       used 63171K, committed 63616K, reserved 1114112K
  class space    used 7764K, committed 8000K, reserved 1048576K
}
Event: 338734.291 GC heap before
{Heap before GC invocations=33305 (full 33271):
 garbage-first heap   total 97280K, used 39866K [0x00000000c0000000, 0x0000000100000000)
  region size 1024K, 1 young (1024K), 0 survivors (0K)
 Metaspace       used 63171K, committed 63616K, reserved 1114112K
  class space    used 7764K, committed 8000K, reserved 1048576K
}
Event: 338734.324 GC heap after
{Heap after GC invocations=33306 (full 33272):
 garbage-first heap   total 97280K, used 39866K [0x00000000c0000000, 0x0000000100000000)
  region size 1024K, 0 young (0K), 0 survivors (0K)
 Metaspace       used 63171K, committed 63616K, reserved 1114112K
  class space    used 7764K, committed 8000K, reserved 1048576K
}
Event: 338744.466 GC heap before
{Heap before GC invocations=33306 (full 33272):
 garbage-first heap   total 97280K, used 39866K [0x00000000c0000000, 0x0000000100000000)
  region size 1024K, 1 young (1024K), 0 survivors (0K)
 Metaspace       used 63171K, committed 63616K, reserved 1114112K
  class space    used 7764K, committed 8000K, reserved 1048576K
}
Event: 338744.499 GC heap after
{Heap after GC invocations=33307 (full 33273):
 garbage-first heap   total 97280K, used 39866K [0x00000000c0000000, 0x0000000100000000)
  region size 1024K, 0 young (0K), 0 survivors (0K)
 Metaspace       used 63171K, committed 63616K, reserved 1114112K
  class space    used 7764K, committed 8000K, reserved 1048576K
}
Event: 338754.637 GC heap before
{Heap before GC invocations=33307 (full 33273):
 garbage-first heap   total 97280K, used 39866K [0x00000000c0000000, 0x0000000100000000)
  region size 1024K, 1 young (1024K), 0 survivors (0K)
 Metaspace       used 63171K, committed 63616K, reserved 1114112K
  class space    used 7764K, committed 8000K, reserved 1048576K
}
Event: 338754.669 GC heap after
{Heap after GC invocations=33308 (full 33274):
 garbage-first heap   total 97280K, used 39866K [0x00000000c0000000, 0x0000000100000000)
  region size 1024K, 0 young (0K), 0 survivors (0K)
 Metaspace       used 63171K, committed 63616K, reserved 1114112K
  class space    used 7764K, committed 8000K, reserved 1048576K
}
Event: 338764.832 GC heap before
{Heap before GC invocations=33308 (full 33274):
 garbage-first heap   total 97280K, used 39866K [0x00000000c0000000, 0x0000000100000000)
  region size 1024K, 1 young (1024K), 0 survivors (0K)
 Metaspace       used 63171K, committed 63616K, reserved 1114112K
  class space    used 7764K, committed 8000K, reserved 1048576K
}
Event: 338764.864 GC heap after
{Heap after GC invocations=33309 (full 33275):
 garbage-first heap   total 97280K, used 39866K [0x00000000c0000000, 0x0000000100000000)
  region size 1024K, 0 young (0K), 0 survivors (0K)
 Metaspace       used 63171K, committed 63616K, reserved 1114112K
  class space    used 7764K, committed 8000K, reserved 1048576K
}
Event: 338774.986 GC heap before
{Heap before GC invocations=33309 (full 33275):
 garbage-first heap   total 97280K, used 39866K [0x00000000c0000000, 0x0000000100000000)
  region size 1024K, 1 young (1024K), 0 survivors (0K)
 Metaspace       used 63171K, committed 63616K, reserved 1114112K
  class space    used 7764K, committed 8000K, reserved 1048576K
}
Event: 338775.018 GC heap after
{Heap after GC invocations=33310 (full 33276):
 garbage-first heap   total 97280K, used 39866K [0x00000000c0000000, 0x0000000100000000)
  region size 1024K, 0 young (0K), 0 survivors (0K)
 Metaspace       used 63171K, committed 63616K, reserved 1114112K
  class space    used 7764K, committed 8000K, reserved 1048576K
}
Event: 338785.152 GC heap before
{Heap before GC invocations=33310 (full 33276):
 garbage-first heap   total 97280K, used 39866K [0x00000000c0000000, 0x0000000100000000)
  region size 1024K, 1 young (1024K), 0 survivors (0K)
 Metaspace       used 63171K, committed 63616K, reserved 1114112K
  class space    used 7764K, committed 8000K, reserved 1048576K
}
Event: 338785.185 GC heap after
{Heap after GC invocations=33311 (full 33277):
 garbage-first heap   total 97280K, used 39866K [0x00000000c0000000, 0x0000000100000000)
  region size 1024K, 0 young (0K), 0 survivors (0K)
 Metaspace       used 63171K, committed 63616K, reserved 1114112K
  class space    used 7764K, committed 8000K, reserved 1048576K
}
Event: 338806.181 GC heap before
{Heap before GC invocations=33311 (full 33277):
 garbage-first heap   total 97280K, used 39866K [0x00000000c0000000, 0x0000000100000000)
  region size 1024K, 1 young (1024K), 0 survivors (0K)
 Metaspace       used 63172K, committed 63616K, reserved 1114112K
  class space    used 7764K, committed 8000K, reserved 1048576K
}
Event: 338806.216 GC heap after
{Heap after GC invocations=33312 (full 33278):
 garbage-first heap   total 97280K, used 39867K [0x00000000c0000000, 0x0000000100000000)
  region size 1024K, 0 young (0K), 0 survivors (0K)
 Metaspace       used 63172K, committed 63616K, reserved 1114112K
  class space    used 7764K, committed 8000K, reserved 1048576K
}

